> Synchronizing your config with Doom Emacs...
  > Regenerating envvars file at "~/.emacs.d/.local/env"
    - Ignoring HOME=/Users/rnrbarbosa
    - Ignoring SHLVL=2
    - Ignoring PWD=/Users/rnrbarbosa
    - Ignoring __CF_USER_TEXT_ENCODING=0x1F5:0x0:0x2
    - Ignoring SSH_AUTH_SOCK=/private/tmp/com.apple.launchd.tF2hYfCCst/Listeners
    - Ignoring USER=rnrbarbosa
    - Ignoring TERM=xterm-256color
    ✓ Successfully generated "~/.emacs.d/.local/env"
  > Installing packages...
    > Updating recipe repos...
      > Updating recipes for melpa...
      > Updating recipes for gnu-elpa-mirror...
      > Updating recipes for emacsmirror-mirror...
    → Cloning highlight-indent-guides...
    → Cloning highlight-indent-guides...done
    - Checked out a4f771418e4eed1f3f7879a43af28cf97747d41c
    → Building highlight-indent-guides...
        INFO     Scraping files for highlight-indent-guides-autoloads.el... 
        INFO     Scraping files for highlight-indent-guides-autoloads.el...done
      Checking /Users/rnrbarbosa/.emacs.d/.local/straight/build/highlight-indent-guides/...
      Compiling /Users/rnrbarbosa/.emacs.d/.local/straight/build/highlight-indent-guides/highlight-indent-guides-autoloads.el...
      Compiling /Users/rnrbarbosa/.emacs.d/.local/straight/build/highlight-indent-guides/highlight-indent-guides.el...
      Done (Total of 1 file compiled, 1 skipped)
    → Building highlight-indent-guides...done
    → Cloning emacs-neotree...
    → Cloning emacs-neotree...done
    → Building neotree...
        INFO     Scraping files for neotree-autoloads.el... 
        INFO     Scraping files for neotree-autoloads.el...done
      Checking /Users/rnrbarbosa/.emacs.d/.local/straight/build/neotree/...
      Compiling /Users/rnrbarbosa/.emacs.d/.local/straight/build/neotree/neotree-autoloads.el...
      Compiling /Users/rnrbarbosa/.emacs.d/.local/straight/build/neotree/neotree.el...
      Checking /Users/rnrbarbosa/.emacs.d/.local/straight/build/neotree/icons...
      Done (Total of 1 file compiled, 1 skipped)
    → Building neotree...done
    → Cloning unicode-fonts...
    → Cloning unicode-fonts...done
    - Checked out e3942fe40b418bfb2dc4e73633e09195437fef01
    → Building unicode-fonts...
    → Building unicode-fonts → Cloning font-utils...
    → Building unicode-fonts → Cloning font-utils...done
    → Building unicode-fonts → Building font-utils...
    → Building unicode-fonts → Building font-utils → Cloning persistent-soft...
    → Building unicode-fonts → Building font-utils → Cloning persistent-soft...done
    → Building unicode-fonts → Building font-utils → Building persistent-soft...
    → Building unicode-fonts → Building font-utils → Building persistent-soft → Cloning pcache...
    → Building unicode-fonts → Building font-utils → Building persistent-soft → Cloning pcache...done
    → Building unicode-fonts → Building font-utils → Building persistent-soft → Building pcache...
        INFO     Scraping files for pcache-autoloads.el... 
        INFO     Scraping files for pcache-autoloads.el...done
      Checking /Users/rnrbarbosa/.emacs.d/.local/straight/build/pcache/...
      Compiling /Users/rnrbarbosa/.emacs.d/.local/straight/build/pcache/pcache.el...
      Done (Total of 1 file compiled)
    → Building unicode-fonts → Building font-utils → Building persistent-soft → Building pcache...done
    → Building unicode-fonts → Building font-utils → Building persistent-soft → Cloning list-utils...
    → Building unicode-fonts → Building font-utils → Building persistent-soft → Cloning list-utils...done
    → Building unicode-fonts → Building font-utils → Building persistent-soft → Building list-utils...
        INFO     Scraping files for list-utils-autoloads.el... 
        INFO     Scraping files for list-utils-autoloads.el...done
      Checking /Users/rnrbarbosa/.emacs.d/.local/straight/build/list-utils/...
      Compiling /Users/rnrbarbosa/.emacs.d/.local/straight/build/list-utils/list-utils-autoloads.el...
      Compiling /Users/rnrbarbosa/.emacs.d/.local/straight/build/list-utils/list-utils.el...
      Done (Total of 1 file compiled, 1 skipped)
    → Building unicode-fonts → Building font-utils → Building persistent-soft → Building list-utils...done
    → Building unicode-fonts → Building font-utils → Building persistent-soft...
        INFO     Scraping files for persistent-soft-autoloads.el... 
        INFO     Scraping files for persistent-soft-autoloads.el...done
      Checking /Users/rnrbarbosa/.emacs.d/.local/straight/build/persistent-soft/...
      Compiling /Users/rnrbarbosa/.emacs.d/.local/straight/build/persistent-soft/persistent-soft-autoloads.el...
      Compiling /Users/rnrbarbosa/.emacs.d/.local/straight/build/persistent-soft/persistent-soft.el...
      Done (Total of 1 file compiled, 1 skipped)
    → Building unicode-fonts → Building font-utils → Building persistent-soft...done
    → Building unicode-fonts → Building font-utils...
        INFO     Scraping files for font-utils-autoloads.el... 
        INFO     Scraping files for font-utils-autoloads.el...done
      Checking /Users/rnrbarbosa/.emacs.d/.local/straight/build/font-utils/...
      Compiling /Users/rnrbarbosa/.emacs.d/.local/straight/build/font-utils/font-utils-autoloads.el...
      Compiling /Users/rnrbarbosa/.emacs.d/.local/straight/build/font-utils/font-utils.el...
      Done (Total of 1 file compiled, 1 skipped)
    → Building unicode-fonts → Building font-utils...done
    → Building unicode-fonts → Cloning ucs-utils...
    → Building unicode-fonts → Cloning ucs-utils...done
    → Building unicode-fonts → Building ucs-utils...
        INFO     Scraping files for ucs-utils-autoloads.el... 
        INFO     Scraping files for ucs-utils-autoloads.el...done
      Checking /Users/rnrbarbosa/.emacs.d/.local/straight/build/ucs-utils/...
      Compiling /Users/rnrbarbosa/.emacs.d/.local/straight/build/ucs-utils/ucs-utils-6.0-delta.el...
      Compiling /Users/rnrbarbosa/.emacs.d/.local/straight/build/ucs-utils/ucs-utils-autoloads.el...
      Compiling /Users/rnrbarbosa/.emacs.d/.local/straight/build/ucs-utils/ucs-utils.el...
      Done (Total of 2 files compiled, 1 skipped)
    → Building unicode-fonts → Building ucs-utils...done
    → Building unicode-fonts...
        INFO     Scraping files for unicode-fonts-autoloads.el... 
        INFO     Scraping files for unicode-fonts-autoloads.el...done
      Checking /Users/rnrbarbosa/.emacs.d/.local/straight/build/unicode-fonts/...
      Compiling /Users/rnrbarbosa/.emacs.d/.local/straight/build/unicode-fonts/unicode-fonts-autoloads.el...
      Compiling /Users/rnrbarbosa/.emacs.d/.local/straight/build/unicode-fonts/unicode-fonts.el...
      Done (Total of 1 file compiled, 1 skipped)
    → Building unicode-fonts...done
    → Cloning ace-window...
    → Cloning ace-window...done
    - Checked out c7cb315c14e36fded5ac4096e158497ae974bec9
    → Building ace-window...
        INFO     Scraping files for ace-window-autoloads.el... 
        INFO     Scraping files for ace-window-autoloads.el...done
      Checking /Users/rnrbarbosa/.emacs.d/.local/straight/build/ace-window/...
      Compiling /Users/rnrbarbosa/.emacs.d/.local/straight/build/ace-window/ace-window-autoloads.el...
      Compiling /Users/rnrbarbosa/.emacs.d/.local/straight/build/ace-window/ace-window.el...
      Done (Total of 1 file compiled, 1 skipped)
    → Building ace-window...done
    → Cloning writeroom-mode...
    → Cloning writeroom-mode...done
    - Checked out 8a226a31a12a9203067094774ba6fd6175793e70
    → Building writeroom-mode...
    → Building writeroom-mode → Cloning visual-fill-column...
    → Building writeroom-mode → Cloning visual-fill-column...done
    → Building writeroom-mode → Building visual-fill-column...
        INFO     Scraping files for visual-fill-column-autoloads.el... 
        INFO     Scraping files for visual-fill-column-autoloads.el...done
      Checking /Users/rnrbarbosa/.emacs.d/.local/straight/build/visual-fill-column/...
      Compiling /Users/rnrbarbosa/.emacs.d/.local/straight/build/visual-fill-column/visual-fill-column-autoloads.el...
      Compiling /Users/rnrbarbosa/.emacs.d/.local/straight/build/visual-fill-column/visual-fill-column.el...
      Done (Total of 1 file compiled, 1 skipped)
    → Building writeroom-mode → Building visual-fill-column...done
    → Building writeroom-mode...
        INFO     Scraping files for writeroom-mode-autoloads.el... 
        INFO     Scraping files for writeroom-mode-autoloads.el...done
      Checking /Users/rnrbarbosa/.emacs.d/.local/straight/build/writeroom-mode/...
      Compiling /Users/rnrbarbosa/.emacs.d/.local/straight/build/writeroom-mode/writeroom-mode-autoloads.el...
      Compiling /Users/rnrbarbosa/.emacs.d/.local/straight/build/writeroom-mode/writeroom-mode.el...
      Done (Total of 1 file compiled, 1 skipped)
    → Building writeroom-mode...done
    → Cloning mixed-pitch...
    → Cloning mixed-pitch...done
    - Checked out 1cad46fddf741ed7ec5fc477d70e079e908e9ce6
    → Building mixed-pitch...
        INFO     Scraping files for mixed-pitch-autoloads.el... 
        INFO     Scraping files for mixed-pitch-autoloads.el...done
      Checking /Users/rnrbarbosa/.emacs.d/.local/straight/build/mixed-pitch/...
      Compiling /Users/rnrbarbosa/.emacs.d/.local/straight/build/mixed-pitch/mixed-pitch-autoloads.el...
      Compiling /Users/rnrbarbosa/.emacs.d/.local/straight/build/mixed-pitch/mixed-pitch.el...
      Done (Total of 1 file compiled, 1 skipped)
    → Building mixed-pitch...done
    → Cloning eshell-up...
    → Cloning eshell-up...done
    - Checked out 9c100bae5c3020e8d9307e4332d3b64e7dc28519
    → Building eshell-up...
        INFO     Scraping files for eshell-up-autoloads.el... 
        INFO     Scraping files for eshell-up-autoloads.el...done
      Checking /Users/rnrbarbosa/.emacs.d/.local/straight/build/eshell-up/...
      Compiling /Users/rnrbarbosa/.emacs.d/.local/straight/build/eshell-up/eshell-up.el...
      Done (Total of 1 file compiled)
    → Building eshell-up...done
    → Cloning eshell-z...
    → Cloning eshell-z...done
    - Checked out 337cb241e17bd472bd3677ff166a0800f684213c
    → Building eshell-z...
        INFO     Scraping files for eshell-z-autoloads.el... 
        INFO     Scraping files for eshell-z-autoloads.el...done
      Checking /Users/rnrbarbosa/.emacs.d/.local/straight/build/eshell-z/...
      Compiling /Users/rnrbarbosa/.emacs.d/.local/straight/build/eshell-z/eshell-z-autoloads.el...
      Compiling /Users/rnrbarbosa/.emacs.d/.local/straight/build/eshell-z/eshell-z.el...
      Done (Total of 1 file compiled, 1 skipped)
    → Building eshell-z...done
    → Cloning esh-help...
    → Cloning esh-help...done
    - Checked out 417673ed18a983930a66a6692dbfb288a995cb80
    → Building esh-help...
        INFO     Scraping files for esh-help-autoloads.el... 
        INFO     Scraping files for esh-help-autoloads.el...done
      Checking /Users/rnrbarbosa/.emacs.d/.local/straight/build/esh-help/...
      Compiling /Users/rnrbarbosa/.emacs.d/.local/straight/build/esh-help/esh-help-autoloads.el...
      Compiling /Users/rnrbarbosa/.emacs.d/.local/straight/build/esh-help/esh-help.el...
      Done (Total of 1 file compiled, 1 skipped)
    → Building esh-help...done
    → Cloning eshell-did-you-mean...
    → Cloning eshell-did-you-mean...done
    - Checked out 7cb6ef8e2274d0a50a9e114d412307a6543533d5
    → Building eshell-did-you-mean...
        INFO     Scraping files for eshell-did-you-mean-autoloads.el... 
        INFO     Scraping files for eshell-did-you-mean-autoloads.el...done
      Checking /Users/rnrbarbosa/.emacs.d/.local/straight/build/eshell-did-you-mean/...
      Compiling /Users/rnrbarbosa/.emacs.d/.local/straight/build/eshell-did-you-mean/eshell-did-you-mean-autoloads.el...
      Compiling /Users/rnrbarbosa/.emacs.d/.local/straight/build/eshell-did-you-mean/eshell-did-you-mean.el...
      Done (Total of 1 file compiled, 1 skipped)
    → Building eshell-did-you-mean...done
    → Cloning emacs-fish-completion...
    → Cloning emacs-fish-completion...done
    → Building fish-completion...
        INFO     Scraping files for fish-completion-autoloads.el... 
        INFO     Scraping files for fish-completion-autoloads.el...done
      Checking /Users/rnrbarbosa/.emacs.d/.local/straight/build/fish-completion/...
      Compiling /Users/rnrbarbosa/.emacs.d/.local/straight/build/fish-completion/fish-completion-autoloads.el...
      Compiling /Users/rnrbarbosa/.emacs.d/.local/straight/build/fish-completion/fish-completion.el...
      Done (Total of 1 file compiled, 1 skipped)
    → Building fish-completion...done
    → Cloning emacs-bash-completion...
    → Cloning emacs-bash-completion...done
    → Building bash-completion...
        INFO     Scraping files for bash-completion-autoloads.el... 
        INFO     Scraping files for bash-completion-autoloads.el...done
      Checking /Users/rnrbarbosa/.emacs.d/.local/straight/build/bash-completion/...
      Compiling /Users/rnrbarbosa/.emacs.d/.local/straight/build/bash-completion/bash-completion-autoloads.el...
      Compiling /Users/rnrbarbosa/.emacs.d/.local/straight/build/bash-completion/bash-completion.el...
      Done (Total of 1 file compiled, 1 skipped)
    → Building bash-completion...done
    → Cloning emacs-libvterm (for vterm)...
    → Cloning emacs-libvterm (for vterm)...done
    → Building vterm...
        INFO     Scraping files for vterm-autoloads.el... 
        INFO     Scraping files for vterm-autoloads.el...done
      Checking /Users/rnrbarbosa/.emacs.d/.local/straight/build/vterm/...
      Compiling /Users/rnrbarbosa/.emacs.d/.local/straight/build/vterm/vterm-autoloads.el...
      Compiling /Users/rnrbarbosa/.emacs.d/.local/straight/build/vterm/vterm.el...
      Done (Total of 1 file compiled, 1 skipped)
    → Building vterm...done
    → Cloning pass...
    → Cloning pass...done
    - Checked out 919d8e3826d556433ab67d4ee21a509d209d1baa
    → Building pass...
    → Building pass → Cloning password-store...
    → Building pass → Cloning password-store...done
    - Checked out 06f499994071bb6131244218b25d637103afe1d5
    → Building pass → Building password-store...
    → Building pass → Building password-store → Cloning auth-password-store (for auth-source-pass)...
    → Building pass → Building password-store → Cloning auth-password-store (for auth-source-pass)...done
    → Building pass → Building password-store → Building auth-source-pass...
        INFO     Scraping files for auth-source-pass-autoloads.el... 
        INFO     Scraping files for auth-source-pass-autoloads.el...done
      Checking /Users/rnrbarbosa/.emacs.d/.local/straight/build/auth-source-pass/...
      Compiling /Users/rnrbarbosa/.emacs.d/.local/straight/build/auth-source-pass/auth-source-pass-autoloads.el...
      Compiling /Users/rnrbarbosa/.emacs.d/.local/straight/build/auth-source-pass/auth-source-pass.el...
      Done (Total of 1 file compiled, 1 skipped)
    → Building pass → Building password-store → Building auth-source-pass...done
    → Building pass → Building password-store...
        INFO     Scraping files for password-store-autoloads.el... 
        INFO     Scraping files for password-store-autoloads.el...done
      Checking /Users/rnrbarbosa/.emacs.d/.local/straight/build/password-store/...
      Compiling /Users/rnrbarbosa/.emacs.d/.local/straight/build/password-store/password-store-autoloads.el...
      Compiling /Users/rnrbarbosa/.emacs.d/.local/straight/build/password-store/password-store.el...
      Done (Total of 1 file compiled, 1 skipped)
    → Building pass → Building password-store...done
    → Building pass → Cloning password-store-otp.el...
    → Building pass → Cloning password-store-otp.el...done
    → Building pass → Building password-store-otp...
        INFO     Scraping files for password-store-otp-autoloads.el... 
        INFO     Scraping files for password-store-otp-autoloads.el...done
      Checking /Users/rnrbarbosa/.emacs.d/.local/straight/build/password-store-otp/...
      Compiling /Users/rnrbarbosa/.emacs.d/.local/straight/build/password-store-otp/password-store-otp-autoloads.el...
      Compiling /Users/rnrbarbosa/.emacs.d/.local/straight/build/password-store-otp/password-store-otp.el...
      Done (Total of 1 file compiled, 1 skipped)
    → Building pass → Building password-store-otp...done
    → Building pass...
        INFO     Scraping files for pass-autoloads.el... 
        INFO     Scraping files for pass-autoloads.el...done
      Checking /Users/rnrbarbosa/.emacs.d/.local/straight/build/pass/...
      Compiling /Users/rnrbarbosa/.emacs.d/.local/straight/build/pass/pass-autoloads.el...
      Compiling /Users/rnrbarbosa/.emacs.d/.local/straight/build/pass/pass.el...
      Done (Total of 1 file compiled, 1 skipped)
    → Building pass...done
    → Cloning ivy-pass...
    → Cloning ivy-pass...done
    - Checked out 5b523de1151f2109fdd6a8114d0af12eef83d3c5
    → Building ivy-pass...
        INFO     Scraping files for ivy-pass-autoloads.el... 
        INFO     Scraping files for ivy-pass-autoloads.el...done
      Checking /Users/rnrbarbosa/.emacs.d/.local/straight/build/ivy-pass/...
      Compiling /Users/rnrbarbosa/.emacs.d/.local/straight/build/ivy-pass/ivy-pass-autoloads.el...
      Compiling /Users/rnrbarbosa/.emacs.d/.local/straight/build/ivy-pass/ivy-pass.el...
      Done (Total of 1 file compiled, 1 skipped)
    → Building ivy-pass...done
    → Cloning pdf-tools...
    → Cloning pdf-tools...done
    - Checked out eb6d40663069f2b7e6b52e907eeaa4e37375feb6
    → Building pdf-tools...
        INFO     Scraping files for pdf-tools-autoloads.el... 
        INFO     Scraping files for pdf-tools-autoloads.el...done
      Checking /Users/rnrbarbosa/.emacs.d/.local/straight/build/pdf-tools/...
      Compiling /Users/rnrbarbosa/.emacs.d/.local/straight/build/pdf-tools/pdf-annot.el...
      Compiling /Users/rnrbarbosa/.emacs.d/.local/straight/build/pdf-tools/pdf-cache.el...
      Compiling /Users/rnrbarbosa/.emacs.d/.local/straight/build/pdf-tools/pdf-dev.el...
      Compiling /Users/rnrbarbosa/.emacs.d/.local/straight/build/pdf-tools/pdf-history.el...
      Compiling /Users/rnrbarbosa/.emacs.d/.local/straight/build/pdf-tools/pdf-info.el...
      Compiling /Users/rnrbarbosa/.emacs.d/.local/straight/build/pdf-tools/pdf-isearch.el...
      Compiling /Users/rnrbarbosa/.emacs.d/.local/straight/build/pdf-tools/pdf-links.el...
      Compiling /Users/rnrbarbosa/.emacs.d/.local/straight/build/pdf-tools/pdf-loader.el...
      Compiling /Users/rnrbarbosa/.emacs.d/.local/straight/build/pdf-tools/pdf-macs.el...
      Compiling /Users/rnrbarbosa/.emacs.d/.local/straight/build/pdf-tools/pdf-misc.el...
      Compiling /Users/rnrbarbosa/.emacs.d/.local/straight/build/pdf-tools/pdf-occur.el...
      Compiling /Users/rnrbarbosa/.emacs.d/.local/straight/build/pdf-tools/pdf-outline.el...
      Compiling /Users/rnrbarbosa/.emacs.d/.local/straight/build/pdf-tools/pdf-sync.el...
      Compiling /Users/rnrbarbosa/.emacs.d/.local/straight/build/pdf-tools/pdf-tools-autoloads.el...
      Compiling /Users/rnrbarbosa/.emacs.d/.local/straight/build/pdf-tools/pdf-tools.el...
      Compiling /Users/rnrbarbosa/.emacs.d/.local/straight/build/pdf-tools/pdf-util.el...
      Compiling /Users/rnrbarbosa/.emacs.d/.local/straight/build/pdf-tools/pdf-view.el...
      Compiling /Users/rnrbarbosa/.emacs.d/.local/straight/build/pdf-tools/pdf-virtual.el...
      Checking /Users/rnrbarbosa/.emacs.d/.local/straight/build/pdf-tools/build...
      Checking /Users/rnrbarbosa/.emacs.d/.local/straight/build/pdf-tools/build/server...
      Checking /Users/rnrbarbosa/.emacs.d/.local/straight/build/pdf-tools/build/server/m4...
      Checking /Users/rnrbarbosa/.emacs.d/.local/straight/build/pdf-tools/build/server/test...
      Checking /Users/rnrbarbosa/.emacs.d/.local/straight/build/pdf-tools/build/server/test/docker...
      Checking /Users/rnrbarbosa/.emacs.d/.local/straight/build/pdf-tools/build/server/test/docker/lib...
      Checking /Users/rnrbarbosa/.emacs.d/.local/straight/build/pdf-tools/build/server/test/docker/templates...
      Done (Total of 14 files compiled, 3 failed, 1 skipped)
    → Building pdf-tools...done
    → Cloning emacs-taskrunner...
    → Cloning emacs-taskrunner...done
    → Building taskrunner...
        INFO     Scraping files for taskrunner-autoloads.el... 
        INFO     Scraping files for taskrunner-autoloads.el...done
      Checking /Users/rnrbarbosa/.emacs.d/.local/straight/build/taskrunner/...
      Compiling /Users/rnrbarbosa/.emacs.d/.local/straight/build/taskrunner/taskrunner-clang.el...
      Compiling /Users/rnrbarbosa/.emacs.d/.local/straight/build/taskrunner/taskrunner-general.el...
      Compiling /Users/rnrbarbosa/.emacs.d/.local/straight/build/taskrunner/taskrunner-java.el...
      Compiling /Users/rnrbarbosa/.emacs.d/.local/straight/build/taskrunner/taskrunner-leiningen.el...
      Compiling /Users/rnrbarbosa/.emacs.d/.local/straight/build/taskrunner/taskrunner-mix.el...
      Compiling /Users/rnrbarbosa/.emacs.d/.local/straight/build/taskrunner/taskrunner-ruby.el...
      Compiling /Users/rnrbarbosa/.emacs.d/.local/straight/build/taskrunner/taskrunner-shell.el...
      Compiling /Users/rnrbarbosa/.emacs.d/.local/straight/build/taskrunner/taskrunner-static-targets.el...
      Compiling /Users/rnrbarbosa/.emacs.d/.local/straight/build/taskrunner/taskrunner-web.el...
      Compiling /Users/rnrbarbosa/.emacs.d/.local/straight/build/taskrunner/taskrunner.el...
      Done (Total of 10 files compiled)
    → Building taskrunner...done
    → Cloning ivy-taskrunner...
    → Cloning ivy-taskrunner...done
    - Checked out c731ee6279f65061ef70e79d3818ea1d9678e6da
    → Building ivy-taskrunner...
        INFO     Scraping files for ivy-taskrunner-autoloads.el... 
        INFO     Scraping files for ivy-taskrunner-autoloads.el...done
      Checking /Users/rnrbarbosa/.emacs.d/.local/straight/build/ivy-taskrunner/...
      Compiling /Users/rnrbarbosa/.emacs.d/.local/straight/build/ivy-taskrunner/ivy-taskrunner-autoloads.el...
      Compiling /Users/rnrbarbosa/.emacs.d/.local/straight/build/ivy-taskrunner/ivy-taskrunner.el...
      Done (Total of 1 file compiled, 1 skipped)
    → Building ivy-taskrunner...done
    → Cloning xclip...
    → Cloning xclip...done
    - Checked out 2951c6b62b29780c7a35c64601a59999b83aa145
    → Building xclip...
        INFO     Scraping files for xclip-autoloads.el... 
        INFO     Scraping files for xclip-autoloads.el...done
      Checking /Users/rnrbarbosa/.emacs.d/.local/straight/build/xclip/...
      Compiling /Users/rnrbarbosa/.emacs.d/.local/straight/build/xclip/xclip-autoloads.el...
      Compiling /Users/rnrbarbosa/.emacs.d/.local/straight/build/xclip/xclip.el...
      Done (Total of 1 file compiled, 1 skipped)
    → Building xclip...done
    → Cloning evil-terminal-cursor-changer...
    → Cloning evil-terminal-cursor-changer...done
    - Checked out b49ca4393d2f3cc6014174950059b36a5cb22949
    → Building evil-terminal-cursor-changer...
        INFO     Scraping files for evil-terminal-cursor-changer-autoloads.el... 
        INFO     Scraping files for evil-terminal-cursor-changer-autoloads.el...done
      Checking /Users/rnrbarbosa/.emacs.d/.local/straight/build/evil-terminal-cursor-changer/...
      Compiling /Users/rnrbarbosa/.emacs.d/.local/straight/build/evil-terminal-cursor-changer/evil-terminal-cursor-changer-autoloads.el...
      Compiling /Users/rnrbarbosa/.emacs.d/.local/straight/build/evil-terminal-cursor-changer/evil-terminal-cursor-changer.el...
      Done (Total of 1 file compiled, 1 skipped)
    → Building evil-terminal-cursor-changer...done
    → Cloning csv-mode...
    → Cloning csv-mode...done
    - Checked out 635337407c
    → Building csv-mode...
        INFO     Scraping files for csv-mode-autoloads.el... 
        INFO     Scraping files for csv-mode-autoloads.el...done
      Checking /Users/rnrbarbosa/.emacs.d/.local/straight/build/csv-mode/...
      Compiling /Users/rnrbarbosa/.emacs.d/.local/straight/build/csv-mode/csv-mode-autoloads.el...
      Compiling /Users/rnrbarbosa/.emacs.d/.local/straight/build/csv-mode/csv-mode-tests.el...
      Compiling /Users/rnrbarbosa/.emacs.d/.local/straight/build/csv-mode/csv-mode.el...
      Done (Total of 2 files compiled, 1 skipped)
    → Building csv-mode...done
    → Cloning ledger-mode...
    → Cloning ledger-mode...done
    - Checked out 805507fd6c14839be4efc7aee2017f9c03e36834
    → Building ledger-mode...
        INFO     Scraping files for ledger-mode-autoloads.el... 
        INFO     Scraping files for ledger-mode-autoloads.el...done
      Checking /Users/rnrbarbosa/.emacs.d/.local/straight/build/ledger-mode/...
      Compiling /Users/rnrbarbosa/.emacs.d/.local/straight/build/ledger-mode/ledger-check.el...
      Compiling /Users/rnrbarbosa/.emacs.d/.local/straight/build/ledger-mode/ledger-commodities.el...
      Compiling /Users/rnrbarbosa/.emacs.d/.local/straight/build/ledger-mode/ledger-complete.el...
      Compiling /Users/rnrbarbosa/.emacs.d/.local/straight/build/ledger-mode/ledger-context.el...
      Compiling /Users/rnrbarbosa/.emacs.d/.local/straight/build/ledger-mode/ledger-exec.el...
      Compiling /Users/rnrbarbosa/.emacs.d/.local/straight/build/ledger-mode/ledger-flymake.el...
      Compiling /Users/rnrbarbosa/.emacs.d/.local/straight/build/ledger-mode/ledger-fontify.el...
      Compiling /Users/rnrbarbosa/.emacs.d/.local/straight/build/ledger-mode/ledger-fonts.el...
      Compiling /Users/rnrbarbosa/.emacs.d/.local/straight/build/ledger-mode/ledger-init.el...
      Compiling /Users/rnrbarbosa/.emacs.d/.local/straight/build/ledger-mode/ledger-mode-autoloads.el...
      Compiling /Users/rnrbarbosa/.emacs.d/.local/straight/build/ledger-mode/ledger-mode.el...
      Compiling /Users/rnrbarbosa/.emacs.d/.local/straight/build/ledger-mode/ledger-navigate.el...
      Compiling /Users/rnrbarbosa/.emacs.d/.local/straight/build/ledger-mode/ledger-occur.el...
      Compiling /Users/rnrbarbosa/.emacs.d/.local/straight/build/ledger-mode/ledger-post.el...
      Compiling /Users/rnrbarbosa/.emacs.d/.local/straight/build/ledger-mode/ledger-reconcile.el...
      Compiling /Users/rnrbarbosa/.emacs.d/.local/straight/build/ledger-mode/ledger-regex.el...
      Compiling /Users/rnrbarbosa/.emacs.d/.local/straight/build/ledger-mode/ledger-report.el...
      Compiling /Users/rnrbarbosa/.emacs.d/.local/straight/build/ledger-mode/ledger-schedule.el...
      Compiling /Users/rnrbarbosa/.emacs.d/.local/straight/build/ledger-mode/ledger-sort.el...
      Compiling /Users/rnrbarbosa/.emacs.d/.local/straight/build/ledger-mode/ledger-state.el...
      Compiling /Users/rnrbarbosa/.emacs.d/.local/straight/build/ledger-mode/ledger-test.el...
      Compiling /Users/rnrbarbosa/.emacs.d/.local/straight/build/ledger-mode/ledger-texi.el...
      Compiling /Users/rnrbarbosa/.emacs.d/.local/straight/build/ledger-mode/ledger-xact.el...
      Done (Total of 20 files compiled, 2 failed, 1 skipped)
    → Building ledger-mode...done
    → Cloning evil-ledger...
    → Cloning evil-ledger...done
    - Checked out 7a9f9f5d39c42fffdba8004f8982642351f2b233
    → Building evil-ledger...
        INFO     Scraping files for evil-ledger-autoloads.el... 
        INFO     Scraping files for evil-ledger-autoloads.el...done
      Checking /Users/rnrbarbosa/.emacs.d/.local/straight/build/evil-ledger/...
      Compiling /Users/rnrbarbosa/.emacs.d/.local/straight/build/evil-ledger/evil-ledger-autoloads.el...
      Compiling /Users/rnrbarbosa/.emacs.d/.local/straight/build/evil-ledger/evil-ledger.el...
      Done (Total of 0 files compiled, 1 failed, 1 skipped)
    → Building evil-ledger...done
    → Cloning flycheck-ledger...
    → Cloning flycheck-ledger...done
    - Checked out 628e25ba66604946085571652a94a54f4d1ad96f
    → Building flycheck-ledger...
        INFO     Scraping files for flycheck-ledger-autoloads.el... 
        INFO     Scraping files for flycheck-ledger-autoloads.el...done
      Checking /Users/rnrbarbosa/.emacs.d/.local/straight/build/flycheck-ledger/...
      Compiling /Users/rnrbarbosa/.emacs.d/.local/straight/build/flycheck-ledger/flycheck-ledger.el...
      Done (Total of 1 file compiled)
    → Building flycheck-ledger...done
    → Cloning org-pdftools...
    → Cloning org-pdftools...done
    - Checked out 8cc15bb8014ed1f047eecc0abd8bf447f86c0505
    → Building org-pdftools...
    → Building org-pdftools → Cloning org-noter...
    → Building org-pdftools → Cloning org-noter...done
    → Building org-pdftools → Building org-noter...
        INFO     Scraping files for org-noter-autoloads.el... 
        INFO     Scraping files for org-noter-autoloads.el...done
      Checking /Users/rnrbarbosa/.emacs.d/.local/straight/build/org-noter/...
      Compiling /Users/rnrbarbosa/.emacs.d/.local/straight/build/org-noter/org-noter-autoloads.el...
      Compiling /Users/rnrbarbosa/.emacs.d/.local/straight/build/org-noter/org-noter.el...
      Done (Total of 1 file compiled, 1 skipped)
    → Building org-pdftools → Building org-noter...done
    → Building org-pdftools...
        INFO     Scraping files for org-pdftools-autoloads.el... 
        INFO     Scraping files for org-pdftools-autoloads.el...done
      Checking /Users/rnrbarbosa/.emacs.d/.local/straight/build/org-pdftools/...
      Compiling /Users/rnrbarbosa/.emacs.d/.local/straight/build/org-pdftools/org-pdftools-autoloads.el...
      Compiling /Users/rnrbarbosa/.emacs.d/.local/straight/build/org-pdftools/org-pdftools.el...
      Done (Total of 0 files compiled, 1 failed, 1 skipped)
    → Building org-pdftools...done
    → Cloning ox-rst...
    → Cloning ox-rst...done
    - Checked out 99fa790da55b57a3f2e9aa187493ba434a64250e
    → Building ox-rst...
        INFO     Scraping files for ox-rst-autoloads.el... 
        INFO     Scraping files for ox-rst-autoloads.el...done
      Checking /Users/rnrbarbosa/.emacs.d/.local/straight/build/ox-rst/...
      Compiling /Users/rnrbarbosa/.emacs.d/.local/straight/build/ox-rst/ox-rst-autoloads.el...
      Compiling /Users/rnrbarbosa/.emacs.d/.local/straight/build/ox-rst/ox-rst.el...
      Done (Total of 1 file compiled, 1 skipped)
    → Building ox-rst...done
    → Cloning sphinx-mode...
    → Cloning sphinx-mode...done
    - Checked out b5ac514e213459dcc57184086f10b5b6be3cecd8
    → Building sphinx-mode...
        INFO     Scraping files for sphinx-mode-autoloads.el... 
        INFO     Scraping files for sphinx-mode-autoloads.el...done
      Checking /Users/rnrbarbosa/.emacs.d/.local/straight/build/sphinx-mode/...
      Compiling /Users/rnrbarbosa/.emacs.d/.local/straight/build/sphinx-mode/sphinx-mode-autoloads.el...
      Compiling /Users/rnrbarbosa/.emacs.d/.local/straight/build/sphinx-mode/sphinx-mode-pkg.el...
      Compiling /Users/rnrbarbosa/.emacs.d/.local/straight/build/sphinx-mode/sphinx-mode.el...
      Compiling /Users/rnrbarbosa/.emacs.d/.local/straight/build/sphinx-mode/sphinx-src.el...
      Done (Total of 3 files compiled, 1 skipped)
    → Building sphinx-mode...done
    → Cloning swift-mode...
    → Cloning swift-mode...done
    - Checked out d266fbd300a1bf1592e1462ead4be093b8b68f98
    → Building swift-mode...
        INFO     Scraping files for swift-mode-autoloads.el... 
        INFO     Scraping files for swift-mode-autoloads.el...done
      Checking /Users/rnrbarbosa/.emacs.d/.local/straight/build/swift-mode/...
      Compiling /Users/rnrbarbosa/.emacs.d/.local/straight/build/swift-mode/swift-mode-autoloads.el...
      Compiling /Users/rnrbarbosa/.emacs.d/.local/straight/build/swift-mode/swift-mode-beginning-of-defun.el...
      Compiling /Users/rnrbarbosa/.emacs.d/.local/straight/build/swift-mode/swift-mode-font-lock.el...
      Compiling /Users/rnrbarbosa/.emacs.d/.local/straight/build/swift-mode/swift-mode-imenu.el...
      Compiling /Users/rnrbarbosa/.emacs.d/.local/straight/build/swift-mode/swift-mode-indent.el...
      Compiling /Users/rnrbarbosa/.emacs.d/.local/straight/build/swift-mode/swift-mode-lexer.el...
      Compiling /Users/rnrbarbosa/.emacs.d/.local/straight/build/swift-mode/swift-mode-repl.el...
      Compiling /Users/rnrbarbosa/.emacs.d/.local/straight/build/swift-mode/swift-mode-standard-types.el...
      Compiling /Users/rnrbarbosa/.emacs.d/.local/straight/build/swift-mode/swift-mode.el...
      Done (Total of 8 files compiled, 1 skipped)
    → Building swift-mode...done
    → Cloning company-sourcekit...
    → Cloning company-sourcekit...done
    - Checked out abf9bc5a0102eb666d3aa6d6bf22f6efcc852781
    → Building company-sourcekit...
    → Building company-sourcekit → Building sourcekit...
        INFO     Scraping files for sourcekit-autoloads.el... 
        INFO     Scraping files for sourcekit-autoloads.el...done
      Checking /Users/rnrbarbosa/.emacs.d/.local/straight/build/sourcekit/...
      Compiling /Users/rnrbarbosa/.emacs.d/.local/straight/build/sourcekit/sourcekit.el...
      Done (Total of 1 file compiled)
    → Building company-sourcekit → Building sourcekit...done
    → Building company-sourcekit...
        INFO     Scraping files for company-sourcekit-autoloads.el... 
        INFO     Scraping files for company-sourcekit-autoloads.el...done
      Checking /Users/rnrbarbosa/.emacs.d/.local/straight/build/company-sourcekit/...
      Compiling /Users/rnrbarbosa/.emacs.d/.local/straight/build/company-sourcekit/company-sourcekit-autoloads.el...
      Compiling /Users/rnrbarbosa/.emacs.d/.local/straight/build/company-sourcekit/company-sourcekit.el...
      Done (Total of 1 file compiled, 1 skipped)
    → Building company-sourcekit...done
    → Cloning flycheck-swift...
    → Cloning flycheck-swift...done
    - Checked out 4c5ad401252400a78da395fd56a71e67ff8c2761
    → Building flycheck-swift...
        INFO     Scraping files for flycheck-swift-autoloads.el... 
        INFO     Scraping files for flycheck-swift-autoloads.el...done
      Checking /Users/rnrbarbosa/.emacs.d/.local/straight/build/flycheck-swift/...
      Compiling /Users/rnrbarbosa/.emacs.d/.local/straight/build/flycheck-swift/flycheck-swift-autoloads.el...
      Compiling /Users/rnrbarbosa/.emacs.d/.local/straight/build/flycheck-swift/flycheck-swift.el...
      Done (Total of 1 file compiled, 1 skipped)
    → Building flycheck-swift...done
    ✓ Installed 41 packages
  > (Re)building packages...
    ✓ No packages need rebuilding
  > Purging orphaned packages (for the emperor)...
    - No builds to purge
    - Skipping elpa packages
    - Skipping repos
    - Skipping regrafting
  > (Re)generating autoloads file...
    > Generating autoloads file...
    > Byte-compiling autoloads file...
    ✓ Generated .local/autoloads.elc
  - Restart Emacs or use 'M-x doom/reload' for changes to take effect
✓ Finished in 77.9410s
